                                      1 ;--------------------------------------------------------
                                      2 ; File Created by SDCC : free open source ANSI-C Compiler
                                      3 ; Version 4.1.0 #12072 (MINGW64)
                                      4 ;--------------------------------------------------------
                                      5 	.module hello
                                      6 	.optsdcc -mz80
                                      7 	
                                      8 ;--------------------------------------------------------
                                      9 ; Public variables in this module
                                     10 ;--------------------------------------------------------
                                     11 	.globl _main
                                     12 	.globl _printf
                                     13 ;--------------------------------------------------------
                                     14 ; special function registers
                                     15 ;--------------------------------------------------------
                                     16 ;--------------------------------------------------------
                                     17 ; ram data
                                     18 ;--------------------------------------------------------
                                     19 	.area _DATA
                                     20 ;--------------------------------------------------------
                                     21 ; ram data
                                     22 ;--------------------------------------------------------
                                     23 	.area _INITIALIZED
                                     24 ;--------------------------------------------------------
                                     25 ; absolute external ram data
                                     26 ;--------------------------------------------------------
                                     27 	.area _DABS (ABS)
                                     28 ;--------------------------------------------------------
                                     29 ; global & static initialisations
                                     30 ;--------------------------------------------------------
                                     31 	.area _HOME
                                     32 	.area _GSINIT
                                     33 	.area _GSFINAL
                                     34 	.area _GSINIT
                                     35 ;--------------------------------------------------------
                                     36 ; Home
                                     37 ;--------------------------------------------------------
                                     38 	.area _HOME
                                     39 	.area _HOME
                                     40 ;--------------------------------------------------------
                                     41 ; code
                                     42 ;--------------------------------------------------------
                                     43 	.area _CODE
                                     44 ;hello.c:5: void main(void)
                                     45 ;	---------------------------------
                                     46 ; Function main
                                     47 ; ---------------------------------
      000000                         48 _main::
                                     49 ;hello.c:7: printf("C on Amstrad");
      000000 21r09r00         [10]   50 	ld	hl, #___str_0
      000003 E5               [11]   51 	push	hl
      000004 CDr00r00         [17]   52 	call	_printf
      000007 F1               [10]   53 	pop	af
                                     54 ;hello.c:8: }
      000008 C9               [10]   55 	ret
      000009                         56 ___str_0:
      000009 43 20 6F 6E 20 41 6D    57 	.ascii "C on Amstrad"
             73 74 72 61 64
      000015 00                      58 	.db 0x00
                                     59 	.area _CODE
                                     60 	.area _INITIALIZER
                                     61 	.area _CABS (ABS)
