__fzxfonts_fontnames_utz
_fzxfonts_enum_utz_A
_fzxfonts_enum_utz_B
_fzxfonts_enum_utz_C
_fzxfonts_names_utz
1stGrade/_ff_utz_1stGrade
Blokz/_ff_utz_Blokz
GridDrop/_ff_utz_GridDrop0
GridDrop/_ff_utz_GridDrop1
Handpress/_ff_utz_Handpress
KickDrop/_ff_utz_KickDrop
Notez/_ff_utz_Notez
PhatKidzBRK/_ff_utz_PhatKidzBRK
Phraktur/_ff_utz_Phraktur
SchoolBrk/_ff_utz_SchoolBrkCD
SchoolBrk/_ff_utz_SchoolBrkEXT
SchoolBrk/_ff_utz_SchoolBrkU
ShadowFlower/_ff_utz_ShadowFlower
Skyscrap/_ff_utz_Skyscrap
TinyTexan/_ff_utz_TinyTexanS
TinyTexan/_ff_utz_TinyTexanXS
TinyTexan/_ff_utz_TinyTexanXXS
