__fzxfonts_fontnames_dkud1
_fzxfonts_enum_dkud1_A
_fzxfonts_enum_dkud1_B
_fzxfonts_enum_dkud1_C
_fzxfonts_names_dkud1
Beerland2/_ff_dkud1_Beerland2
Cinema/_ff_dkud1_Cinema
Cobretti/_ff_dkud1_Cobretti
Consul/_ff_dkud1_Consul1
Consul/_ff_dkud1_Consul2
Crusade/_ff_dkud1_Crusade
DoubleBold/_ff_dkud1_DoubleBold
Edice13/_ff_dkud1_Edice13
JmenoRuze/_ff_dkud1_JmenoRuze
Kurziva/_ff_dkud1_Kurziva
Little/_ff_dkud1_Little
MahJongg/_ff_dkud1_MahJongg
Overline/_ff_dkud1_Overline
Phones2/_ff_dkud1_Phones2
RightBold/_ff_dkud1_RightBold
SciFi/_ff_dkud1_SciFi
Sinclair/_ff_dkud1_Sinclair
Subtitles/_ff_dkud1_Subtitles
Transcript/_ff_dkud1_Transcript
UpnUp/_ff_dkud1_UpnUp1
UpnUp/_ff_dkud1_UpnUp2
